<?xml version="1.0" encoding="UTF-8"?>
<!-- Generated by org.testng.reporters.JUnitXMLReporter -->
<testsuite ignored="0" hostname="DESKTOP-FN6LKRQ" failures="3" tests="11" name="Surefire test" time="384.847" errors="0" timestamp="2025-12-23T03:03:26 GMT+05:00">
  <testcase classname="tests.AmazonTests" name="testAmazonTitle" time="9.954"/>
  <testcase classname="tests.AmazonTests" name="testEmptySearch" time="5.892"/>
  <testcase classname="tests.AmazonTests" name="testLogoDisplayed" time="2.438"/>
  <testcase classname="tests.AmazonTests" name="testOpenCart" time="13.802"/>
  <testcase classname="tests.AmazonTests" name="testOpenSignIn" time="13.748">
    <failure type="java.lang.AssertionError" message="expected [true] but found [false]">
      <![CDATA[java.lang.AssertionError: expected [true] but found [false]
at tests.AmazonTests.testOpenSignIn(AmazonTests.java:83)
at java.base/java.util.ArrayList.forEach(ArrayList.java:1597)
... Removed 34 stack frames]]>
    </failure>
  </testcase> <!-- testOpenSignIn -->
  <testcase classname="tests.AmazonTests" name="testSearchProduct" time="15.32"/>
  <testcase classname="tests.AmazonTests" name="testSearchResultsTitle" time="6.483"/>
  <testcase classname="tests.AmazonTests" name="testWrongPage" time="0.583">
    <failure type="java.lang.AssertionError" message="expected [true] but found [false]">
      <![CDATA[java.lang.AssertionError: expected [true] but found [false]
at tests.AmazonTests.testWrongPage(AmazonTests.java:89)
at java.base/java.util.ArrayList.forEach(ArrayList.java:1597)
... Removed 34 stack frames]]>
    </failure>
  </testcase> <!-- testWrongPage -->
  <testcase classname="tests.DonatovTests" name="testReviewsPage" time="92.41">
    <failure type="java.lang.AssertionError" message="expected [true] but found [false]">
      <![CDATA[java.lang.AssertionError: expected [true] but found [false]
at tests.DonatovTests.testReviewsPage(DonatovTests.java:50)
at java.base/java.util.ArrayList.forEach(ArrayList.java:1597)
... Removed 34 stack frames]]>
    </failure>
  </testcase> <!-- testReviewsPage -->
  <testcase classname="tests.DonatovTests" name="testSupportPage" time="92.492"/>
  <testcase classname="tests.DonatovTests" name="testTitle" time="91.508"/>
</testsuite> <!-- Surefire test -->
