<!DOCTYPE html PUBLIC "-//W3C//DTD XHTML 1.1//EN" "https://www.w3.org/TR/xhtml11/DTD/xhtml11.dtd">
<html xmlns="https://www.w3.org/1999/xhtml">
<head>
<meta http-equiv="content-type" content="text/html; charset=UTF-8"/>
<title>TestNG Report</title>
<style type="text/css">table {margin-bottom:10px;border-collapse:collapse;empty-cells:show}th,td {border:1px solid #009;padding:.25em .5em}th {vertical-align:bottom}td {vertical-align:top}table a {font-weight:bold}.stripe td {background-color: #E6EBF9}.num {text-align:right}.passedodd td {background-color: #3F3}.passedeven td {background-color: #0A0}.skippedodd td {background-color: #DDD}.skippedeven td {background-color: #CCC}.failedodd td,.attn {background-color: #F33}.failedeven td,.stripe .attn {background-color: #D00}.stacktrace {white-space:pre;font-family:monospace}.totop {font-size:85%;text-align:center;border-bottom:2px solid #000}.invisible {display:none}</style>
</head>
<body>
<table>
<tr><th>Test</th><th># Passed</th><th># Skipped</th><th># Retried</th><th># Failed</th><th>Time (ms)</th><th>Included Groups</th><th>Excluded Groups</th></tr>
<tr><th colspan="8">Surefire suite</th></tr>
<tr><td><a href="#t0">Surefire test</a></td><td class="num">8</td><td class="num">0</td><td class="num">0</td><td class="num attn">3</td><td class="num">384Â 847</td><td></td><td></td></tr>
</table>
<table id='summary'><thead><tr><th>Class</th><th>Method</th><th>Start</th><th>Time (ms)</th></tr></thead><tbody><tr><th colspan="4">Surefire suite</th></tr></tbody><tbody id="t0"><tr><th colspan="4">Surefire test &#8212; failed</th></tr><tr class="failedeven"><td rowspan="2">tests.AmazonTests</td><td><a href="#m0">testOpenSignIn</a></td><td rowspan="1">1766440671850</td><td rowspan="1">13748</td></tr><tr class="failedeven"><td><a href="#m1">testWrongPage</a></td><td rowspan="1">1766440717170</td><td rowspan="1">583</td></tr><tr class="failedodd"><td rowspan="1">tests.DonatovTests</td><td><a href="#m2">testReviewsPage</a></td><td rowspan="1">1766440721600</td><td rowspan="1">92410</td></tr><tr><th colspan="4">Surefire test &#8212; passed</th></tr><tr class="passedeven"><td rowspan="6">tests.AmazonTests</td><td><a href="#m3">testAmazonTitle</a></td><td rowspan="1">1766440626223</td><td rowspan="1">9954</td></tr><tr class="passedeven"><td><a href="#m4">testEmptySearch</a></td><td rowspan="1">1766440639602</td><td rowspan="1">5892</td></tr><tr class="passedeven"><td><a href="#m5">testLogoDisplayed</a></td><td rowspan="1">1766440648852</td><td rowspan="1">2438</td></tr><tr class="passedeven"><td><a href="#m6">testOpenCart</a></td><td rowspan="1">1766440654790</td><td rowspan="1">13802</td></tr><tr class="passedeven"><td><a href="#m7">testSearchProduct</a></td><td rowspan="1">1766440688758</td><td rowspan="1">15320</td></tr><tr class="passedeven"><td><a href="#m8">testSearchResultsTitle</a></td><td rowspan="1">1766440707374</td><td rowspan="1">6483</td></tr><tr class="passedodd"><td rowspan="2">tests.DonatovTests</td><td><a href="#m9">testSupportPage</a></td><td rowspan="1">1766440817243</td><td rowspan="1">92492</td></tr><tr class="passedodd"><td><a href="#m10">testTitle</a></td><td rowspan="1">1766440913796</td><td rowspan="1">91508</td></tr></tbody>
</table>
<h2>Surefire test</h2><h3 id="m0">tests.AmazonTests#testOpenSignIn</h3><table class="result"><tr><th>Exception</th></tr><tr><td><div class="stacktrace">java.lang.AssertionError: expected [true] but found [false]
	at tests.AmazonTests.testOpenSignIn(AmazonTests.java:83)
	at java.base/java.util.ArrayList.forEach(ArrayList.java:1597)
... Removed 34 stack frames</div></td></tr></table><p class="totop"><a href="#summary">back to summary</a></p>
<h3 id="m1">tests.AmazonTests#testWrongPage</h3><table class="result"><tr><th>Exception</th></tr><tr><td><div class="stacktrace">java.lang.AssertionError: expected [true] but found [false]
	at tests.AmazonTests.testWrongPage(AmazonTests.java:89)
	at java.base/java.util.ArrayList.forEach(ArrayList.java:1597)
... Removed 34 stack frames</div></td></tr></table><p class="totop"><a href="#summary">back to summary</a></p>
<h3 id="m2">tests.DonatovTests#testReviewsPage</h3><table class="result"><tr><th>Exception</th></tr><tr><td><div class="stacktrace">java.lang.AssertionError: expected [true] but found [false]
	at tests.DonatovTests.testReviewsPage(DonatovTests.java:50)
	at java.base/java.util.ArrayList.forEach(ArrayList.java:1597)
... Removed 34 stack frames</div></td></tr></table><p class="totop"><a href="#summary">back to summary</a></p>
<h3 id="m3">tests.AmazonTests#testAmazonTitle</h3><table class="result"><tr><th class="invisible"/></tr></table><p class="totop"><a href="#summary">back to summary</a></p>
<h3 id="m4">tests.AmazonTests#testEmptySearch</h3><table class="result"><tr><th class="invisible"/></tr></table><p class="totop"><a href="#summary">back to summary</a></p>
<h3 id="m5">tests.AmazonTests#testLogoDisplayed</h3><table class="result"><tr><th class="invisible"/></tr></table><p class="totop"><a href="#summary">back to summary</a></p>
<h3 id="m6">tests.AmazonTests#testOpenCart</h3><table class="result"><tr><th class="invisible"/></tr></table><p class="totop"><a href="#summary">back to summary</a></p>
<h3 id="m7">tests.AmazonTests#testSearchProduct</h3><table class="result"><tr><th class="invisible"/></tr></table><p class="totop"><a href="#summary">back to summary</a></p>
<h3 id="m8">tests.AmazonTests#testSearchResultsTitle</h3><table class="result"><tr><th class="invisible"/></tr></table><p class="totop"><a href="#summary">back to summary</a></p>
<h3 id="m9">tests.DonatovTests#testSupportPage</h3><table class="result"><tr><th class="invisible"/></tr></table><p class="totop"><a href="#summary">back to summary</a></p>
<h3 id="m10">tests.DonatovTests#testTitle</h3><table class="result"><tr><th class="invisible"/></tr></table><p class="totop"><a href="#summary">back to summary</a></p>
</body>
</html>
