<?xml version="1.0" encoding="UTF-8"?>
<testng-results ignored="0" total="11" passed="8" failed="3" skipped="0">
  <reporter-output>
  </reporter-output>
  <suite started-at="2025-12-23T02:57:01 GMT+05:00" name="Surefire suite" finished-at="2025-12-23T03:03:26 GMT+05:00" duration-ms="384847">
    <groups>
      <group name="negative">
        <method signature="AmazonTests.testEmptySearch()[pri:0, instance:tests.AmazonTests@470f1802]" name="testEmptySearch" class="tests.AmazonTests"/>
        <method signature="AmazonTests.testWrongPage()[pri:0, instance:tests.AmazonTests@470f1802]" name="testWrongPage" class="tests.AmazonTests"/>
      </group> <!-- negative -->
      <group name="positive">
        <method signature="AmazonTests.testAmazonTitle()[pri:0, instance:tests.AmazonTests@470f1802]" name="testAmazonTitle" class="tests.AmazonTests"/>
        <method signature="AmazonTests.testLogoDisplayed()[pri:0, instance:tests.AmazonTests@470f1802]" name="testLogoDisplayed" class="tests.AmazonTests"/>
        <method signature="AmazonTests.testOpenCart()[pri:0, instance:tests.AmazonTests@470f1802]" name="testOpenCart" class="tests.AmazonTests"/>
        <method signature="AmazonTests.testOpenSignIn()[pri:0, instance:tests.AmazonTests@470f1802]" name="testOpenSignIn" class="tests.AmazonTests"/>
        <method signature="AmazonTests.testSearchProduct()[pri:0, instance:tests.AmazonTests@470f1802]" name="testSearchProduct" class="tests.AmazonTests"/>
        <method signature="AmazonTests.testSearchResultsTitle()[pri:0, instance:tests.AmazonTests@470f1802]" name="testSearchResultsTitle" class="tests.AmazonTests"/>
        <method signature="DonatovTests.testReviewsPage()[pri:0, instance:tests.DonatovTests@3c407114]" name="testReviewsPage" class="tests.DonatovTests"/>
        <method signature="DonatovTests.testSupportPage()[pri:0, instance:tests.DonatovTests@3c407114]" name="testSupportPage" class="tests.DonatovTests"/>
        <method signature="DonatovTests.testTitle()[pri:0, instance:tests.DonatovTests@3c407114]" name="testTitle" class="tests.DonatovTests"/>
      </group> <!-- positive -->
    </groups>
    <test started-at="2025-12-23T02:57:01 GMT+05:00" name="Surefire test" finished-at="2025-12-23T03:03:26 GMT+05:00" duration-ms="384847">
      <class name="tests.AmazonTests">
        <test-method is-config="true" signature="setUp()[pri:0, instance:tests.AmazonTests@470f1802]" started-at="2025-12-23T02:57:01 GMT+05:00" name="setUp" finished-at="2025-12-23T02:57:06 GMT+05:00" duration-ms="4827" status="PASS">
          <reporter-output>
          </reporter-output>
        </test-method> <!-- setUp -->
        <test-method signature="testAmazonTitle()[pri:0, instance:tests.AmazonTests@470f1802]" started-at="2025-12-23T02:57:06 GMT+05:00" name="testAmazonTitle" finished-at="2025-12-23T02:57:16 GMT+05:00" duration-ms="9954" status="PASS">
          <reporter-output>
          </reporter-output>
        </test-method> <!-- testAmazonTitle -->
        <test-method is-config="true" signature="tearDown()[pri:0, instance:tests.AmazonTests@470f1802]" started-at="2025-12-23T02:57:16 GMT+05:00" name="tearDown" finished-at="2025-12-23T02:57:17 GMT+05:00" duration-ms="970" status="PASS">
          <reporter-output>
          </reporter-output>
        </test-method> <!-- tearDown -->
        <test-method is-config="true" signature="setUp()[pri:0, instance:tests.AmazonTests@470f1802]" started-at="2025-12-23T02:57:17 GMT+05:00" name="setUp" finished-at="2025-12-23T02:57:19 GMT+05:00" duration-ms="2450" status="PASS">
          <reporter-output>
          </reporter-output>
        </test-method> <!-- setUp -->
        <test-method signature="testEmptySearch()[pri:0, instance:tests.AmazonTests@470f1802]" started-at="2025-12-23T02:57:19 GMT+05:00" name="testEmptySearch" finished-at="2025-12-23T02:57:25 GMT+05:00" duration-ms="5892" status="PASS">
          <reporter-output>
          </reporter-output>
        </test-method> <!-- testEmptySearch -->
        <test-method is-config="true" signature="tearDown()[pri:0, instance:tests.AmazonTests@470f1802]" started-at="2025-12-23T02:57:25 GMT+05:00" name="tearDown" finished-at="2025-12-23T02:57:26 GMT+05:00" duration-ms="970" status="PASS">
          <reporter-output>
          </reporter-output>
        </test-method> <!-- tearDown -->
        <test-method is-config="true" signature="setUp()[pri:0, instance:tests.AmazonTests@470f1802]" started-at="2025-12-23T02:57:26 GMT+05:00" name="setUp" finished-at="2025-12-23T02:57:28 GMT+05:00" duration-ms="2386" status="PASS">
          <reporter-output>
          </reporter-output>
        </test-method> <!-- setUp -->
        <test-method signature="testLogoDisplayed()[pri:0, instance:tests.AmazonTests@470f1802]" started-at="2025-12-23T02:57:28 GMT+05:00" name="testLogoDisplayed" finished-at="2025-12-23T02:57:31 GMT+05:00" duration-ms="2438" status="PASS">
          <reporter-output>
          </reporter-output>
        </test-method> <!-- testLogoDisplayed -->
        <test-method is-config="true" signature="tearDown()[pri:0, instance:tests.AmazonTests@470f1802]" started-at="2025-12-23T02:57:31 GMT+05:00" name="tearDown" finished-at="2025-12-23T02:57:32 GMT+05:00" duration-ms="1107" status="PASS">
          <reporter-output>
          </reporter-output>
        </test-method> <!-- tearDown -->
        <test-method is-config="true" signature="setUp()[pri:0, instance:tests.AmazonTests@470f1802]" started-at="2025-12-23T02:57:32 GMT+05:00" name="setUp" finished-at="2025-12-23T02:57:34 GMT+05:00" duration-ms="2390" status="PASS">
          <reporter-output>
          </reporter-output>
        </test-method> <!-- setUp -->
        <test-method signature="testOpenCart()[pri:0, instance:tests.AmazonTests@470f1802]" started-at="2025-12-23T02:57:34 GMT+05:00" name="testOpenCart" finished-at="2025-12-23T02:57:48 GMT+05:00" duration-ms="13802" status="PASS">
          <reporter-output>
          </reporter-output>
        </test-method> <!-- testOpenCart -->
        <test-method is-config="true" signature="tearDown()[pri:0, instance:tests.AmazonTests@470f1802]" started-at="2025-12-23T02:57:48 GMT+05:00" name="tearDown" finished-at="2025-12-23T02:57:49 GMT+05:00" duration-ms="911" status="PASS">
          <reporter-output>
          </reporter-output>
        </test-method> <!-- tearDown -->
        <test-method is-config="true" signature="setUp()[pri:0, instance:tests.AmazonTests@470f1802]" started-at="2025-12-23T02:57:49 GMT+05:00" name="setUp" finished-at="2025-12-23T02:57:51 GMT+05:00" duration-ms="2345" status="PASS">
          <reporter-output>
          </reporter-output>
        </test-method> <!-- setUp -->
        <test-method signature="testOpenSignIn()[pri:0, instance:tests.AmazonTests@470f1802]" started-at="2025-12-23T02:57:51 GMT+05:00" name="testOpenSignIn" finished-at="2025-12-23T02:58:05 GMT+05:00" duration-ms="13748" status="FAIL">
          <exception class="java.lang.AssertionError">
            <message>
              <![CDATA[expected [true] but found [false]]]>
            </message>
            <full-stacktrace>
              <![CDATA[java.lang.AssertionError: expected [true] but found [false]
at org.testng.Assert.fail(Assert.java:111)
at org.testng.Assert.failNotEquals(Assert.java:1590)
at org.testng.Assert.assertTrue(Assert.java:57)
at org.testng.Assert.assertTrue(Assert.java:67)
at tests.AmazonTests.testOpenSignIn(AmazonTests.java:83)
at java.base/jdk.internal.reflect.DirectMethodHandleAccessor.invoke(DirectMethodHandleAccessor.java:103)
at java.base/java.lang.reflect.Method.invoke(Method.java:580)
at org.testng.internal.invokers.MethodInvocationHelper.invokeMethod(MethodInvocationHelper.java:141)
at org.testng.internal.invokers.TestInvoker.invokeMethod(TestInvoker.java:687)
at org.testng.internal.invokers.TestInvoker.invokeTestMethod(TestInvoker.java:230)
at org.testng.internal.invokers.MethodRunner.runInSequence(MethodRunner.java:63)
at org.testng.internal.invokers.TestInvoker$MethodInvocationAgent.invoke(TestInvoker.java:995)
at org.testng.internal.invokers.TestInvoker.invokeTestMethods(TestInvoker.java:203)
at org.testng.internal.invokers.TestMethodWorker.invokeTestMethods(TestMethodWorker.java:154)
at org.testng.internal.invokers.TestMethodWorker.run(TestMethodWorker.java:134)
at java.base/java.util.ArrayList.forEach(ArrayList.java:1597)
at org.testng.TestRunner.privateRun(TestRunner.java:741)
at org.testng.TestRunner.run(TestRunner.java:616)
at org.testng.SuiteRunner.runTest(SuiteRunner.java:421)
at org.testng.SuiteRunner.runSequentially(SuiteRunner.java:413)
at org.testng.SuiteRunner.privateRun(SuiteRunner.java:373)
at org.testng.SuiteRunner.run(SuiteRunner.java:312)
at org.testng.SuiteRunnerWorker.runSuite(SuiteRunnerWorker.java:52)
at org.testng.SuiteRunnerWorker.run(SuiteRunnerWorker.java:95)
at org.testng.TestNG.runSuitesSequentially(TestNG.java:1274)
at org.testng.TestNG.runSuitesLocally(TestNG.java:1208)
at org.testng.TestNG.runSuites(TestNG.java:1112)
at org.testng.TestNG.run(TestNG.java:1079)
at org.apache.maven.surefire.testng.TestNGExecutor.run(TestNGExecutor.java:155)
at org.apache.maven.surefire.testng.TestNGDirectoryTestSuite.executeMulti(TestNGDirectoryTestSuite.java:169)
at org.apache.maven.surefire.testng.TestNGDirectoryTestSuite.execute(TestNGDirectoryTestSuite.java:88)
at org.apache.maven.surefire.testng.TestNGProvider.invoke(TestNGProvider.java:137)
at org.apache.maven.surefire.booter.ForkedBooter.runSuitesInProcess(ForkedBooter.java:385)
at org.apache.maven.surefire.booter.ForkedBooter.execute(ForkedBooter.java:162)
at org.apache.maven.surefire.booter.ForkedBooter.run(ForkedBooter.java:507)
at org.apache.maven.surefire.booter.ForkedBooter.main(ForkedBooter.java:495)
]]>
            </full-stacktrace>
          </exception> <!-- java.lang.AssertionError -->
          <reporter-output>
          </reporter-output>
        </test-method> <!-- testOpenSignIn -->
        <test-method is-config="true" signature="tearDown()[pri:0, instance:tests.AmazonTests@470f1802]" started-at="2025-12-23T02:58:05 GMT+05:00" name="tearDown" finished-at="2025-12-23T02:58:06 GMT+05:00" duration-ms="897" status="PASS">
          <reporter-output>
          </reporter-output>
        </test-method> <!-- tearDown -->
        <test-method is-config="true" signature="setUp()[pri:0, instance:tests.AmazonTests@470f1802]" started-at="2025-12-23T02:58:06 GMT+05:00" name="setUp" finished-at="2025-12-23T02:58:08 GMT+05:00" duration-ms="2258" status="PASS">
          <reporter-output>
          </reporter-output>
        </test-method> <!-- setUp -->
        <test-method signature="testSearchProduct()[pri:0, instance:tests.AmazonTests@470f1802]" started-at="2025-12-23T02:58:08 GMT+05:00" name="testSearchProduct" finished-at="2025-12-23T02:58:24 GMT+05:00" duration-ms="15320" status="PASS">
          <reporter-output>
          </reporter-output>
        </test-method> <!-- testSearchProduct -->
        <test-method is-config="true" signature="tearDown()[pri:0, instance:tests.AmazonTests@470f1802]" started-at="2025-12-23T02:58:24 GMT+05:00" name="tearDown" finished-at="2025-12-23T02:58:25 GMT+05:00" duration-ms="965" status="PASS">
          <reporter-output>
          </reporter-output>
        </test-method> <!-- tearDown -->
        <test-method is-config="true" signature="setUp()[pri:0, instance:tests.AmazonTests@470f1802]" started-at="2025-12-23T02:58:25 GMT+05:00" name="setUp" finished-at="2025-12-23T02:58:27 GMT+05:00" duration-ms="2329" status="PASS">
          <reporter-output>
          </reporter-output>
        </test-method> <!-- setUp -->
        <test-method signature="testSearchResultsTitle()[pri:0, instance:tests.AmazonTests@470f1802]" started-at="2025-12-23T02:58:27 GMT+05:00" name="testSearchResultsTitle" finished-at="2025-12-23T02:58:33 GMT+05:00" duration-ms="6483" status="PASS">
          <reporter-output>
          </reporter-output>
        </test-method> <!-- testSearchResultsTitle -->
        <test-method is-config="true" signature="tearDown()[pri:0, instance:tests.AmazonTests@470f1802]" started-at="2025-12-23T02:58:33 GMT+05:00" name="tearDown" finished-at="2025-12-23T02:58:34 GMT+05:00" duration-ms="940" status="PASS">
          <reporter-output>
          </reporter-output>
        </test-method> <!-- tearDown -->
        <test-method is-config="true" signature="setUp()[pri:0, instance:tests.AmazonTests@470f1802]" started-at="2025-12-23T02:58:34 GMT+05:00" name="setUp" finished-at="2025-12-23T02:58:37 GMT+05:00" duration-ms="2370" status="PASS">
          <reporter-output>
          </reporter-output>
        </test-method> <!-- setUp -->
        <test-method signature="testWrongPage()[pri:0, instance:tests.AmazonTests@470f1802]" started-at="2025-12-23T02:58:37 GMT+05:00" name="testWrongPage" finished-at="2025-12-23T02:58:37 GMT+05:00" duration-ms="583" status="FAIL">
          <exception class="java.lang.AssertionError">
            <message>
              <![CDATA[expected [true] but found [false]]]>
            </message>
            <full-stacktrace>
              <![CDATA[java.lang.AssertionError: expected [true] but found [false]
at org.testng.Assert.fail(Assert.java:111)
at org.testng.Assert.failNotEquals(Assert.java:1590)
at org.testng.Assert.assertTrue(Assert.java:57)
at org.testng.Assert.assertTrue(Assert.java:67)
at tests.AmazonTests.testWrongPage(AmazonTests.java:89)
at java.base/jdk.internal.reflect.DirectMethodHandleAccessor.invoke(DirectMethodHandleAccessor.java:103)
at java.base/java.lang.reflect.Method.invoke(Method.java:580)
at org.testng.internal.invokers.MethodInvocationHelper.invokeMethod(MethodInvocationHelper.java:141)
at org.testng.internal.invokers.TestInvoker.invokeMethod(TestInvoker.java:687)
at org.testng.internal.invokers.TestInvoker.invokeTestMethod(TestInvoker.java:230)
at org.testng.internal.invokers.MethodRunner.runInSequence(MethodRunner.java:63)
at org.testng.internal.invokers.TestInvoker$MethodInvocationAgent.invoke(TestInvoker.java:995)
at org.testng.internal.invokers.TestInvoker.invokeTestMethods(TestInvoker.java:203)
at org.testng.internal.invokers.TestMethodWorker.invokeTestMethods(TestMethodWorker.java:154)
at org.testng.internal.invokers.TestMethodWorker.run(TestMethodWorker.java:134)
at java.base/java.util.ArrayList.forEach(ArrayList.java:1597)
at org.testng.TestRunner.privateRun(TestRunner.java:741)
at org.testng.TestRunner.run(TestRunner.java:616)
at org.testng.SuiteRunner.runTest(SuiteRunner.java:421)
at org.testng.SuiteRunner.runSequentially(SuiteRunner.java:413)
at org.testng.SuiteRunner.privateRun(SuiteRunner.java:373)
at org.testng.SuiteRunner.run(SuiteRunner.java:312)
at org.testng.SuiteRunnerWorker.runSuite(SuiteRunnerWorker.java:52)
at org.testng.SuiteRunnerWorker.run(SuiteRunnerWorker.java:95)
at org.testng.TestNG.runSuitesSequentially(TestNG.java:1274)
at org.testng.TestNG.runSuitesLocally(TestNG.java:1208)
at org.testng.TestNG.runSuites(TestNG.java:1112)
at org.testng.TestNG.run(TestNG.java:1079)
at org.apache.maven.surefire.testng.TestNGExecutor.run(TestNGExecutor.java:155)
at org.apache.maven.surefire.testng.TestNGDirectoryTestSuite.executeMulti(TestNGDirectoryTestSuite.java:169)
at org.apache.maven.surefire.testng.TestNGDirectoryTestSuite.execute(TestNGDirectoryTestSuite.java:88)
at org.apache.maven.surefire.testng.TestNGProvider.invoke(TestNGProvider.java:137)
at org.apache.maven.surefire.booter.ForkedBooter.runSuitesInProcess(ForkedBooter.java:385)
at org.apache.maven.surefire.booter.ForkedBooter.execute(ForkedBooter.java:162)
at org.apache.maven.surefire.booter.ForkedBooter.run(ForkedBooter.java:507)
at org.apache.maven.surefire.booter.ForkedBooter.main(ForkedBooter.java:495)
]]>
            </full-stacktrace>
          </exception> <!-- java.lang.AssertionError -->
          <reporter-output>
          </reporter-output>
        </test-method> <!-- testWrongPage -->
        <test-method is-config="true" signature="tearDown()[pri:0, instance:tests.AmazonTests@470f1802]" started-at="2025-12-23T02:58:37 GMT+05:00" name="tearDown" finished-at="2025-12-23T02:58:38 GMT+05:00" duration-ms="731" status="PASS">
          <reporter-output>
          </reporter-output>
        </test-method> <!-- tearDown -->
      </class> <!-- tests.AmazonTests -->
      <class name="tests.DonatovTests">
        <test-method is-config="true" signature="setUp()[pri:0, instance:tests.DonatovTests@3c407114]" started-at="2025-12-23T02:58:38 GMT+05:00" name="setUp" finished-at="2025-12-23T02:58:41 GMT+05:00" duration-ms="3112" status="PASS">
          <reporter-output>
          </reporter-output>
        </test-method> <!-- setUp -->
        <test-method signature="testReviewsPage()[pri:0, instance:tests.DonatovTests@3c407114]" started-at="2025-12-23T02:58:41 GMT+05:00" name="testReviewsPage" finished-at="2025-12-23T03:00:14 GMT+05:00" duration-ms="92410" status="FAIL">
          <exception class="java.lang.AssertionError">
            <message>
              <![CDATA[expected [true] but found [false]]]>
            </message>
            <full-stacktrace>
              <![CDATA[java.lang.AssertionError: expected [true] but found [false]
at org.testng.Assert.fail(Assert.java:111)
at org.testng.Assert.failNotEquals(Assert.java:1590)
at org.testng.Assert.assertTrue(Assert.java:57)
at org.testng.Assert.assertTrue(Assert.java:67)
at tests.DonatovTests.testReviewsPage(DonatovTests.java:50)
at java.base/jdk.internal.reflect.DirectMethodHandleAccessor.invoke(DirectMethodHandleAccessor.java:103)
at java.base/java.lang.reflect.Method.invoke(Method.java:580)
at org.testng.internal.invokers.MethodInvocationHelper.invokeMethod(MethodInvocationHelper.java:141)
at org.testng.internal.invokers.TestInvoker.invokeMethod(TestInvoker.java:687)
at org.testng.internal.invokers.TestInvoker.invokeTestMethod(TestInvoker.java:230)
at org.testng.internal.invokers.MethodRunner.runInSequence(MethodRunner.java:63)
at org.testng.internal.invokers.TestInvoker$MethodInvocationAgent.invoke(TestInvoker.java:995)
at org.testng.internal.invokers.TestInvoker.invokeTestMethods(TestInvoker.java:203)
at org.testng.internal.invokers.TestMethodWorker.invokeTestMethods(TestMethodWorker.java:154)
at org.testng.internal.invokers.TestMethodWorker.run(TestMethodWorker.java:134)
at java.base/java.util.ArrayList.forEach(ArrayList.java:1597)
at org.testng.TestRunner.privateRun(TestRunner.java:741)
at org.testng.TestRunner.run(TestRunner.java:616)
at org.testng.SuiteRunner.runTest(SuiteRunner.java:421)
at org.testng.SuiteRunner.runSequentially(SuiteRunner.java:413)
at org.testng.SuiteRunner.privateRun(SuiteRunner.java:373)
at org.testng.SuiteRunner.run(SuiteRunner.java:312)
at org.testng.SuiteRunnerWorker.runSuite(SuiteRunnerWorker.java:52)
at org.testng.SuiteRunnerWorker.run(SuiteRunnerWorker.java:95)
at org.testng.TestNG.runSuitesSequentially(TestNG.java:1274)
at org.testng.TestNG.runSuitesLocally(TestNG.java:1208)
at org.testng.TestNG.runSuites(TestNG.java:1112)
at org.testng.TestNG.run(TestNG.java:1079)
at org.apache.maven.surefire.testng.TestNGExecutor.run(TestNGExecutor.java:155)
at org.apache.maven.surefire.testng.TestNGDirectoryTestSuite.executeMulti(TestNGDirectoryTestSuite.java:169)
at org.apache.maven.surefire.testng.TestNGDirectoryTestSuite.execute(TestNGDirectoryTestSuite.java:88)
at org.apache.maven.surefire.testng.TestNGProvider.invoke(TestNGProvider.java:137)
at org.apache.maven.surefire.booter.ForkedBooter.runSuitesInProcess(ForkedBooter.java:385)
at org.apache.maven.surefire.booter.ForkedBooter.execute(ForkedBooter.java:162)
at org.apache.maven.surefire.booter.ForkedBooter.run(ForkedBooter.java:507)
at org.apache.maven.surefire.booter.ForkedBooter.main(ForkedBooter.java:495)
]]>
            </full-stacktrace>
          </exception> <!-- java.lang.AssertionError -->
          <reporter-output>
          </reporter-output>
        </test-method> <!-- testReviewsPage -->
        <test-method is-config="true" signature="tearDown()[pri:0, instance:tests.DonatovTests@3c407114]" started-at="2025-12-23T03:00:14 GMT+05:00" name="tearDown" finished-at="2025-12-23T03:00:14 GMT+05:00" duration-ms="916" status="PASS">
          <reporter-output>
          </reporter-output>
        </test-method> <!-- tearDown -->
        <test-method is-config="true" signature="setUp()[pri:0, instance:tests.DonatovTests@3c407114]" started-at="2025-12-23T03:00:14 GMT+05:00" name="setUp" finished-at="2025-12-23T03:00:17 GMT+05:00" duration-ms="2317" status="PASS">
          <reporter-output>
          </reporter-output>
        </test-method> <!-- setUp -->
        <test-method signature="testSupportPage()[pri:0, instance:tests.DonatovTests@3c407114]" started-at="2025-12-23T03:00:17 GMT+05:00" name="testSupportPage" finished-at="2025-12-23T03:01:49 GMT+05:00" duration-ms="92492" status="PASS">
          <reporter-output>
          </reporter-output>
        </test-method> <!-- testSupportPage -->
        <test-method is-config="true" signature="tearDown()[pri:0, instance:tests.DonatovTests@3c407114]" started-at="2025-12-23T03:01:49 GMT+05:00" name="tearDown" finished-at="2025-12-23T03:01:50 GMT+05:00" duration-ms="870" status="PASS">
          <reporter-output>
          </reporter-output>
        </test-method> <!-- tearDown -->
        <test-method is-config="true" signature="setUp()[pri:0, instance:tests.DonatovTests@3c407114]" started-at="2025-12-23T03:01:50 GMT+05:00" name="setUp" finished-at="2025-12-23T03:01:53 GMT+05:00" duration-ms="3190" status="PASS">
          <reporter-output>
          </reporter-output>
        </test-method> <!-- setUp -->
        <test-method signature="testTitle()[pri:0, instance:tests.DonatovTests@3c407114]" started-at="2025-12-23T03:01:53 GMT+05:00" name="testTitle" finished-at="2025-12-23T03:03:25 GMT+05:00" duration-ms="91508" status="PASS">
          <reporter-output>
          </reporter-output>
        </test-method> <!-- testTitle -->
        <test-method is-config="true" signature="tearDown()[pri:0, instance:tests.DonatovTests@3c407114]" started-at="2025-12-23T03:03:25 GMT+05:00" name="tearDown" finished-at="2025-12-23T03:03:26 GMT+05:00" duration-ms="900" status="PASS">
          <reporter-output>
          </reporter-output>
        </test-method> <!-- tearDown -->
      </class> <!-- tests.DonatovTests -->
    </test> <!-- Surefire test -->
  </suite> <!-- Surefire suite -->
</testng-results>
